Performing C SOURCE FILE Test CMAKE_HAVE_LIBC_PTHREAD failed with the following output:
Change Dir: /home/nother/BasicTools/build/CMakeFiles/CMakeTmp

Run Build Command(s):/usr/bin/make -f Makefile cmTC_27b6f/fast && /usr/bin/make  -f CMakeFiles/cmTC_27b6f.dir/build.make CMakeFiles/cmTC_27b6f.dir/build
make[1]: 进入目录“/home/nother/BasicTools/build/CMakeFiles/CMakeTmp”
Building C object CMakeFiles/cmTC_27b6f.dir/src.c.o
/usr/bin/gcc -DCMAKE_HAVE_LIBC_PTHREAD   -o CMakeFiles/cmTC_27b6f.dir/src.c.o -c /home/nother/BasicTools/build/CMakeFiles/CMakeTmp/src.c
Linking C executable cmTC_27b6f
/usr/local/bin/cmake -E cmake_link_script CMakeFiles/cmTC_27b6f.dir/link.txt --verbose=1
/usr/bin/gcc CMakeFiles/cmTC_27b6f.dir/src.c.o -o cmTC_27b6f 
CMakeFiles/cmTC_27b6f.dir/src.c.o：在函数‘main’中：
src.c:(.text+0x3e)：对‘pthread_create’未定义的引用
src.c:(.text+0x4a)：对‘pthread_detach’未定义的引用
src.c:(.text+0x56)：对‘pthread_cancel’未定义的引用
src.c:(.text+0x67)：对‘pthread_join’未定义的引用
src.c:(.text+0x7b)：对‘pthread_atfork’未定义的引用
collect2: error: ld returned 1 exit status
CMakeFiles/cmTC_27b6f.dir/build.make:98: recipe for target 'cmTC_27b6f' failed
make[1]: *** [cmTC_27b6f] Error 1
make[1]: 离开目录“/home/nother/BasicTools/build/CMakeFiles/CMakeTmp”
Makefile:127: recipe for target 'cmTC_27b6f/fast' failed
make: *** [cmTC_27b6f/fast] Error 2


Source file was:
#include <pthread.h>

static void* test_func(void* data)
{
  return data;
}

int main(void)
{
  pthread_t thread;
  pthread_create(&thread, NULL, test_func, NULL);
  pthread_detach(thread);
  pthread_cancel(thread);
  pthread_join(thread, NULL);
  pthread_atfork(NULL, NULL, NULL);
  pthread_exit(NULL);

  return 0;
}

Determining if the function pthread_create exists in the pthreads failed with the following output:
Change Dir: /home/nother/BasicTools/build/CMakeFiles/CMakeTmp

Run Build Command(s):/usr/bin/make -f Makefile cmTC_eb919/fast && /usr/bin/make  -f CMakeFiles/cmTC_eb919.dir/build.make CMakeFiles/cmTC_eb919.dir/build
make[1]: 进入目录“/home/nother/BasicTools/build/CMakeFiles/CMakeTmp”
Building C object CMakeFiles/cmTC_eb919.dir/CheckFunctionExists.c.o
/usr/bin/gcc   -DCHECK_FUNCTION_EXISTS=pthread_create -o CMakeFiles/cmTC_eb919.dir/CheckFunctionExists.c.o -c /usr/local/share/cmake-3.22/Modules/CheckFunctionExists.c
Linking C executable cmTC_eb919
/usr/local/bin/cmake -E cmake_link_script CMakeFiles/cmTC_eb919.dir/link.txt --verbose=1
/usr/bin/gcc  -DCHECK_FUNCTION_EXISTS=pthread_create CMakeFiles/cmTC_eb919.dir/CheckFunctionExists.c.o -o cmTC_eb919  -lpthreads 
/usr/bin/ld: 找不到 -lpthreads
collect2: error: ld returned 1 exit status
CMakeFiles/cmTC_eb919.dir/build.make:98: recipe for target 'cmTC_eb919' failed
make[1]: *** [cmTC_eb919] Error 1
make[1]: 离开目录“/home/nother/BasicTools/build/CMakeFiles/CMakeTmp”
Makefile:127: recipe for target 'cmTC_eb919/fast' failed
make: *** [cmTC_eb919/fast] Error 2



